<?xml version="1.0" encoding="UTF-8"?>
<testsuite name="com.bl.cabinvoice.InvoiceServiceTest" tests="1" skipped="0" failures="0" errors="0" timestamp="2021-11-11T18:26:20" hostname="LAPTOP-LTNNVO58" time="0.009">
  <properties/>
  <testcase name="givenDistanceAndTime_ShouldReturnTotalFare" classname="com.bl.cabinvoice.InvoiceServiceTest" time="0.009"/>
  <system-out><![CDATA[Final value25.0
]]></system-out>
  <system-err><![CDATA[]]></system-err>
</testsuite>
