<?xml version="1.0" encoding="UTF-8"?>
<testsuite name="com.bl.cabinvoice.InvoiceServiceTest" tests="1" skipped="0" failures="0" errors="0" timestamp="2021-11-11T19:05:52" hostname="LAPTOP-LTNNVO58" time="0.002">
  <properties/>
  <testcase name="givenDistanceAndTime_ShouldReturnTotalFare" classname="com.bl.cabinvoice.InvoiceServiceTest" time="0.002"/>
  <system-out><![CDATA[]]></system-out>
  <system-err><![CDATA[]]></system-err>
</testsuite>
